<?xml version="1.0" encoding="UTF-8" ?>
<testsuite errors="1" failures="0" hostname="nmrpc28" name="main.TestMainInput" skipped="0" tests="1" time="0.117" timestamp="2017-11-16T14:06:26">
  <properties>
    <property name="java.vendor" value="Oracle Corporation" />
    <property name="lib.dir" value="libs" />
    <property name="sun.java.launcher" value="SUN_STANDARD" />
    <property name="sun.management.compiler" value="HotSpot 64-Bit Tiered Compilers" />
    <property name="entry" value="main.ImageExtractor" />
    <property name="os.name" value="Linux" />
    <property name="sun.boot.class.path" value="/usr/lib/jvm/java-8-openjdk-amd64/jre/lib/resources.jar:/usr/lib/jvm/java-8-openjdk-amd64/jre/lib/rt.jar:/usr/lib/jvm/java-8-openjdk-amd64/jre/lib/sunrsasign.jar:/usr/lib/jvm/java-8-openjdk-amd64/jre/lib/jsse.jar:/usr/lib/jvm/java-8-openjdk-amd64/jre/lib/jce.jar:/usr/lib/jvm/java-8-openjdk-amd64/jre/lib/charsets.jar:/usr/lib/jvm/java-8-openjdk-amd64/jre/lib/jfr.jar:/usr/lib/jvm/java-8-openjdk-amd64/jre/classes" />
    <property name="TODAY" value="November 16 2017" />
    <property name="sun.desktop" value="gnome" />
    <property name="java.vm.specification.vendor" value="Oracle Corporation" />
    <property name="ant.home" value="/usr/share/ant" />
    <property name="java.runtime.version" value="1.8.0_131-8u131-b11-2ubuntu1.16.04.3-b11" />
    <property name="user.name" value="dridder_local" />
    <property name="user.language" value="de" />
    <property name="build" value="bin/" />
    <property name="sun.boot.library.path" value="/usr/lib/jvm/java-8-openjdk-amd64/jre/lib/amd64" />
    <property name="ant.project.default-target" value="archive" />
    <property name="ant.project.name" value="ImageExtractor" />
    <property name="DSTAMP" value="20171116" />
    <property name="java.version" value="1.8.0_131" />
    <property name="user.timezone" value="" />
    <property name="jarname" value="ImageExtractor.jar" />
    <property name="sun.arch.data.model" value="64" />
    <property name="java.endorsed.dirs" value="/usr/lib/jvm/java-8-openjdk-amd64/jre/lib/endorsed" />
    <property name="sun.cpu.isalist" value="" />
    <property name="sun.jnu.encoding" value="UTF-8" />
    <property name="file.encoding.pkg" value="sun.io" />
    <property name="file.separator" value="/" />
    <property name="java.specification.name" value="Java Platform API Specification" />
    <property name="java.class.version" value="52.0" />
    <property name="user.country" value="DE" />
    <property name="java.home" value="/usr/lib/jvm/java-8-openjdk-amd64/jre" />
    <property name="java.vm.info" value="mixed mode" />
    <property name="ant.file" value="/opt/dridder_local/Documents/ImageExtractor/build.xml" />
    <property name="os.version" value="4.10.0-32-generic" />
    <property name="timestamp.isoformat" value="2017-11-16T15:06:25" />
    <property name="path.separator" value=":" />
    <property name="java.vm.version" value="25.131-b11" />
    <property name="etc" value="./dist/data/etc" />
    <property name="ant.library.dir" value="/usr/share/ant/lib" />
    <property name="java.awt.printerjob" value="sun.print.PSPrinterJob" />
    <property name="sun.io.unicode.encoding" value="UnicodeLittle" />
    <property name="awt.toolkit" value="sun.awt.X11.XToolkit" />
    <property name="user.home" value="/opt/dridder_local" />
    <property name="java.specification.vendor" value="Oracle Corporation" />
    <property name="java.library.path" value="/usr/lib/fsl/5.0:/usr/java/packages/lib/amd64:/usr/lib/x86_64-linux-gnu/jni:/lib/x86_64-linux-gnu:/usr/lib/x86_64-linux-gnu:/usr/lib/jni:/lib:/usr/lib" />
    <property name="java.vendor.url" value="http://java.oracle.com/" />
    <property name="java.vm.vendor" value="Oracle Corporation" />
    <property name="java.runtime.name" value="OpenJDK Runtime Environment" />
    <property name="sun.java.command" value="org.apache.tools.ant.taskdefs.optional.junit.JUnitTestRunner main.TestMainInput skipNonTests=false filtertrace=true haltOnError=false haltOnFailure=false formatter=org.apache.tools.ant.taskdefs.optional.junit.SummaryJUnitResultFormatter showoutput=false outputtoformatters=true logfailedtests=true threadid=0 logtestlistenerevents=false formatter=org.apache.tools.ant.taskdefs.optional.junit.XMLJUnitResultFormatter,/opt/dridder_local/Documents/ImageExtractor/dist/TEST-main.TestMainInput.xml formatter=org.apache.tools.ant.taskdefs.optional.junit.PlainJUnitResultFormatter,/opt/dridder_local/Documents/ImageExtractor/dist/TEST-main.TestMainInput.txt crashfile=/opt/dridder_local/Documents/ImageExtractor/junitvmwatcher7458902636050295697.properties propsfile=/opt/dridder_local/Documents/ImageExtractor/junit7039588704794292373.properties" />
    <property name="java.class.path" value="/opt/dridder_local/Documents/ImageExtractor/libs/junit-4.12.jar:/opt/dridder_local/Documents/ImageExtractor/libs/hamcrest-all-1.3.jar:/opt/dridder_local/Documents/ImageExtractor/bin:/opt/dridder_local/Documents/ImageExtractor/libs/ij.jar:/opt/dridder_local/Documents/ImageExtractor/libs/PolyFitter.jar:/usr/share/java/ant-launcher-1.9.6.jar:/usr/share/ant/lib/ant.jar:/usr/share/ant/lib/ant-junit.jar:/usr/share/ant/lib/ant-junit4.jar" />
    <property name="ant.version" value="Apache Ant(TM) version 1.9.6 compiled on July 8 2015" />
    <property name="TSTAMP" value="1506" />
    <property name="java.vm.specification.name" value="Java Virtual Machine Specification" />
    <property name="ant.file.type" value="file" />
    <property name="java.vm.specification.version" value="1.8" />
    <property name="sun.cpu.endian" value="little" />
    <property name="sun.os.patch.level" value="unknown" />
    <property name="java.io.tmpdir" value="/tmp" />
    <property name="java.vendor.url.bug" value="http://bugreport.sun.com/bugreport/" />
    <property name="os.arch" value="amd64" />
    <property name="java.awt.graphicsenv" value="sun.awt.X11GraphicsEnvironment" />
    <property name="java.ext.dirs" value="/usr/lib/jvm/java-8-openjdk-amd64/jre/lib/ext:/usr/java/packages/lib/ext" />
    <property name="user.dir" value="/opt/dridder_local/Documents/ImageExtractor" />
    <property name="ant.file.ImageExtractor" value="/opt/dridder_local/Documents/ImageExtractor/build.xml" />
    <property name="line.separator" value="&#xa;" />
    <property name="java.vm.name" value="OpenJDK 64-Bit Server VM" />
    <property name="basedir" value="/opt/dridder_local/Documents/ImageExtractor" />
    <property name="prj.authors" value="Dominik Ridder" />
    <property name="ant.java.version" value="1.8" />
    <property name="ant.core.lib" value="/usr/share/ant/lib/ant.jar" />
    <property name="file.encoding" value="UTF-8" />
    <property name="java.specification.version" value="1.8" />
    <property name="ant.project.invoked-targets" value="junit" />
    <property name="ant.file.type.ImageExtractor" value="file" />
  </properties>
  <testcase classname="main.TestMainInput" name="initializationError" time="0.009">
    <error message="No runnable methods" type="java.lang.Exception">java.lang.Exception: No runnable methods
	at java.lang.reflect.Constructor.newInstance(Constructor.java:423)
</error>
  </testcase>
  <system-out><![CDATA[]]></system-out>
  <system-err><![CDATA[]]></system-err>
</testsuite>
