<?xml version="1.0" encoding="UTF-8" ?>
<testsuite errors="0" failures="0" hostname="nmrpc28" name="tests.Testcase" skipped="0" tests="1" time="2.678" timestamp="2016-11-17T15:04:20">
  <properties>
    <property name="java.vendor" value="Oracle Corporation" />
    <property name="lib.dir" value="libs" />
    <property name="sun.java.launcher" value="SUN_STANDARD" />
    <property name="sun.management.compiler" value="HotSpot 64-Bit Tiered Compilers" />
    <property name="os.name" value="Linux" />
    <property name="sun.boot.class.path" value="/usr/lib/jvm/java-8-oracle/jre/lib/resources.jar:/usr/lib/jvm/java-8-oracle/jre/lib/rt.jar:/usr/lib/jvm/java-8-oracle/jre/lib/sunrsasign.jar:/usr/lib/jvm/java-8-oracle/jre/lib/jsse.jar:/usr/lib/jvm/java-8-oracle/jre/lib/jce.jar:/usr/lib/jvm/java-8-oracle/jre/lib/charsets.jar:/usr/lib/jvm/java-8-oracle/jre/lib/jfr.jar:/usr/lib/jvm/java-8-oracle/jre/classes" />
    <property name="TODAY" value="November 17 2016" />
    <property name="sun.desktop" value="gnome" />
    <property name="java.vm.specification.vendor" value="Oracle Corporation" />
    <property name="ant.home" value="/usr/share/ant" />
    <property name="java.runtime.version" value="1.8.0_101-b13" />
    <property name="user.name" value="dridder_local" />
    <property name="user.language" value="en" />
    <property name="build" value="bin/" />
    <property name="sun.boot.library.path" value="/usr/lib/jvm/java-8-oracle/jre/lib/amd64" />
    <property name="ant.project.default-target" value="archive" />
    <property name="ant.project.name" value="ImageExtractor" />
    <property name="DSTAMP" value="20161117" />
    <property name="java.version" value="1.8.0_101" />
    <property name="user.timezone" value="" />
    <property name="sun.arch.data.model" value="64" />
    <property name="java.endorsed.dirs" value="/usr/lib/jvm/java-8-oracle/jre/lib/endorsed" />
    <property name="sun.cpu.isalist" value="" />
    <property name="sun.jnu.encoding" value="UTF-8" />
    <property name="file.encoding.pkg" value="sun.io" />
    <property name="file.separator" value="/" />
    <property name="java.specification.name" value="Java Platform API Specification" />
    <property name="java.class.version" value="52.0" />
    <property name="user.country" value="US" />
    <property name="java.home" value="/usr/lib/jvm/java-8-oracle/jre" />
    <property name="java.vm.info" value="mixed mode" />
    <property name="ant.file" value="/opt/dridder_local/Documents/ImageExtractor/build.xml" />
    <property name="os.version" value="3.13.0-88-generic" />
    <property name="timestamp.isoformat" value="2016-11-17T16:04:19" />
    <property name="path.separator" value=":" />
    <property name="java.vm.version" value="25.101-b13" />
    <property name="etc" value="./dist/data/etc" />
    <property name="ant.library.dir" value="/usr/share/ant/lib" />
    <property name="java.awt.printerjob" value="sun.print.PSPrinterJob" />
    <property name="sun.io.unicode.encoding" value="UnicodeLittle" />
    <property name="awt.toolkit" value="sun.awt.X11.XToolkit" />
    <property name="user.home" value="/opt/dridder_local/" />
    <property name="java.specification.vendor" value="Oracle Corporation" />
    <property name="java.library.path" value="/usr/lib/fsl/5.0:/usr/java/packages/lib/amd64:/usr/lib64:/lib64:/lib:/usr/lib" />
    <property name="java.vendor.url" value="http://java.oracle.com/" />
    <property name="java.vm.vendor" value="Oracle Corporation" />
    <property name="java.runtime.name" value="Java(TM) SE Runtime Environment" />
    <property name="sun.java.command" value="org.apache.tools.ant.taskdefs.optional.junit.JUnitTestRunner tests.Testcase skipNonTests=false filtertrace=true haltOnError=false haltOnFailure=false formatter=org.apache.tools.ant.taskdefs.optional.junit.SummaryJUnitResultFormatter showoutput=false outputtoformatters=true logfailedtests=true logtestlistenerevents=false formatter=org.apache.tools.ant.taskdefs.optional.junit.XMLJUnitResultFormatter,/opt/dridder_local/Documents/ImageExtractor/dist/TEST-tests.Testcase.xml formatter=org.apache.tools.ant.taskdefs.optional.junit.PlainJUnitResultFormatter,/opt/dridder_local/Documents/ImageExtractor/dist/TEST-tests.Testcase.txt crashfile=/opt/dridder_local/Documents/ImageExtractor/junitvmwatcher3354490814496559104.properties propsfile=/opt/dridder_local/Documents/ImageExtractor/junit4194680430564989740.properties" />
    <property name="java.class.path" value="/opt/dridder_local/Documents/ImageExtractor/libs/junit-4.12.jar:/opt/dridder_local/Documents/ImageExtractor/libs/hamcrest-all-1.3.jar:/opt/dridder_local/Documents/ImageExtractor/bin:/opt/dridder_local/Documents/ImageExtractor/libs/ij.jar:/opt/dridder_local/Documents/ImageExtractor/libs/PolyFitter.jar:/usr/share/java/ant-launcher-1.9.3.jar:/usr/share/ant/lib/ant.jar:/usr/share/ant/lib/ant-junit.jar:/usr/share/ant/lib/ant-junit4.jar" />
    <property name="ant.version" value="Apache Ant(TM) version 1.9.3 compiled on April 8 2014" />
    <property name="TSTAMP" value="1604" />
    <property name="java.vm.specification.name" value="Java Virtual Machine Specification" />
    <property name="ant.file.type" value="file" />
    <property name="java.vm.specification.version" value="1.8" />
    <property name="sun.cpu.endian" value="little" />
    <property name="sun.os.patch.level" value="unknown" />
    <property name="java.io.tmpdir" value="/tmp" />
    <property name="java.vendor.url.bug" value="http://bugreport.sun.com/bugreport/" />
    <property name="os.arch" value="amd64" />
    <property name="java.awt.graphicsenv" value="sun.awt.X11GraphicsEnvironment" />
    <property name="java.ext.dirs" value="/usr/lib/jvm/java-8-oracle/jre/lib/ext:/usr/java/packages/lib/ext" />
    <property name="user.dir" value="/opt/dridder_local/Documents/ImageExtractor" />
    <property name="ant.file.ImageExtractor" value="/opt/dridder_local/Documents/ImageExtractor/build.xml" />
    <property name="line.separator" value="&#xa;" />
    <property name="java.vm.name" value="Java HotSpot(TM) 64-Bit Server VM" />
    <property name="basedir" value="/opt/dridder_local/Documents/ImageExtractor" />
    <property name="prj.authors" value="Dominik Ridder" />
    <property name="ant.java.version" value="1.8" />
    <property name="ant.core.lib" value="/usr/share/ant/lib/ant.jar" />
    <property name="file.encoding" value="UTF-8" />
    <property name="java.specification.version" value="1.8" />
    <property name="ant.project.invoked-targets" value="junit" />
    <property name="ant.file.type.ImageExtractor" value="file" />
  </properties>
  <testcase classname="tests.Testcase" name="VisibleAttributes" time="2.502" />
  <system-out><![CDATA[Config: /opt/dridder_local/Documents/ImageExtractor/ImageExtractor.config
Screen width 3200
Screen height 1080
Gui width = 1100
Gui height = 540
]]></system-out>
  <system-err><![CDATA[]]></system-err>
</testsuite>
