<?xml version="1.0" encoding="UTF-8" ?>
<testsuite errors="0" failures="1" hostname="nmrpc28" name="tests.Testcase" skipped="0" tests="5" time="4.85" timestamp="2017-10-19T13:52:46">
  <properties>
    <property name="java.vendor" value="Oracle Corporation" />
    <property name="lib.dir" value="libs" />
    <property name="sun.java.launcher" value="SUN_STANDARD" />
    <property name="sun.management.compiler" value="HotSpot 64-Bit Tiered Compilers" />
    <property name="entry" value="gui.GUI" />
    <property name="os.name" value="Linux" />
    <property name="sun.boot.class.path" value="/usr/lib/jvm/java-8-openjdk-amd64/jre/lib/resources.jar:/usr/lib/jvm/java-8-openjdk-amd64/jre/lib/rt.jar:/usr/lib/jvm/java-8-openjdk-amd64/jre/lib/sunrsasign.jar:/usr/lib/jvm/java-8-openjdk-amd64/jre/lib/jsse.jar:/usr/lib/jvm/java-8-openjdk-amd64/jre/lib/jce.jar:/usr/lib/jvm/java-8-openjdk-amd64/jre/lib/charsets.jar:/usr/lib/jvm/java-8-openjdk-amd64/jre/lib/jfr.jar:/usr/lib/jvm/java-8-openjdk-amd64/jre/classes" />
    <property name="TODAY" value="October 19 2017" />
    <property name="sun.desktop" value="gnome" />
    <property name="java.vm.specification.vendor" value="Oracle Corporation" />
    <property name="ant.home" value="/usr/share/ant" />
    <property name="java.runtime.version" value="1.8.0_131-8u131-b11-2ubuntu1.16.04.3-b11" />
    <property name="user.name" value="dridder_local" />
    <property name="user.language" value="de" />
    <property name="build" value="bin/" />
    <property name="sun.boot.library.path" value="/usr/lib/jvm/java-8-openjdk-amd64/jre/lib/amd64" />
    <property name="ant.project.default-target" value="archive" />
    <property name="ant.project.name" value="ImageExtractor" />
    <property name="DSTAMP" value="20171019" />
    <property name="java.version" value="1.8.0_131" />
    <property name="user.timezone" value="" />
    <property name="jarname" value="ImageExtractor.jar" />
    <property name="sun.arch.data.model" value="64" />
    <property name="java.endorsed.dirs" value="/usr/lib/jvm/java-8-openjdk-amd64/jre/lib/endorsed" />
    <property name="sun.cpu.isalist" value="" />
    <property name="sun.jnu.encoding" value="UTF-8" />
    <property name="file.encoding.pkg" value="sun.io" />
    <property name="file.separator" value="/" />
    <property name="java.specification.name" value="Java Platform API Specification" />
    <property name="java.class.version" value="52.0" />
    <property name="user.country" value="DE" />
    <property name="java.home" value="/usr/lib/jvm/java-8-openjdk-amd64/jre" />
    <property name="java.vm.info" value="mixed mode" />
    <property name="ant.file" value="/opt/dridder_local/Documents/ImageExtractor/build.xml" />
    <property name="os.version" value="4.10.0-32-generic" />
    <property name="timestamp.isoformat" value="2017-10-19T15:52:46" />
    <property name="path.separator" value=":" />
    <property name="java.vm.version" value="25.131-b11" />
    <property name="etc" value="./dist/data/etc" />
    <property name="ant.library.dir" value="/usr/share/ant/lib" />
    <property name="java.awt.printerjob" value="sun.print.PSPrinterJob" />
    <property name="sun.io.unicode.encoding" value="UnicodeLittle" />
    <property name="awt.toolkit" value="sun.awt.X11.XToolkit" />
    <property name="user.home" value="/opt/dridder_local" />
    <property name="java.specification.vendor" value="Oracle Corporation" />
    <property name="java.library.path" value="/usr/lib/fsl/5.0:/usr/java/packages/lib/amd64:/usr/lib/x86_64-linux-gnu/jni:/lib/x86_64-linux-gnu:/usr/lib/x86_64-linux-gnu:/usr/lib/jni:/lib:/usr/lib" />
    <property name="java.vendor.url" value="http://java.oracle.com/" />
    <property name="java.vm.vendor" value="Oracle Corporation" />
    <property name="java.runtime.name" value="OpenJDK Runtime Environment" />
    <property name="sun.java.command" value="org.apache.tools.ant.taskdefs.optional.junit.JUnitTestRunner tests.Testcase skipNonTests=false filtertrace=true haltOnError=false haltOnFailure=false formatter=org.apache.tools.ant.taskdefs.optional.junit.SummaryJUnitResultFormatter showoutput=false outputtoformatters=true logfailedtests=true threadid=0 logtestlistenerevents=false formatter=org.apache.tools.ant.taskdefs.optional.junit.XMLJUnitResultFormatter,/opt/dridder_local/Documents/ImageExtractor/dist/TEST-tests.Testcase.xml formatter=org.apache.tools.ant.taskdefs.optional.junit.PlainJUnitResultFormatter,/opt/dridder_local/Documents/ImageExtractor/dist/TEST-tests.Testcase.txt crashfile=/opt/dridder_local/Documents/ImageExtractor/junitvmwatcher5840628384869270029.properties propsfile=/opt/dridder_local/Documents/ImageExtractor/junit3298541182354723283.properties" />
    <property name="java.class.path" value="/opt/dridder_local/Documents/ImageExtractor/libs/junit-4.12.jar:/opt/dridder_local/Documents/ImageExtractor/libs/hamcrest-all-1.3.jar:/opt/dridder_local/Documents/ImageExtractor/bin:/opt/dridder_local/Documents/ImageExtractor/libs/ij.jar:/opt/dridder_local/Documents/ImageExtractor/libs/PolyFitter.jar:/usr/share/java/ant-launcher-1.9.6.jar:/usr/share/ant/lib/ant.jar:/usr/share/ant/lib/ant-junit.jar:/usr/share/ant/lib/ant-junit4.jar" />
    <property name="ant.version" value="Apache Ant(TM) version 1.9.6 compiled on July 8 2015" />
    <property name="TSTAMP" value="1552" />
    <property name="java.vm.specification.name" value="Java Virtual Machine Specification" />
    <property name="ant.file.type" value="file" />
    <property name="java.vm.specification.version" value="1.8" />
    <property name="sun.cpu.endian" value="little" />
    <property name="sun.os.patch.level" value="unknown" />
    <property name="java.io.tmpdir" value="/tmp" />
    <property name="java.vendor.url.bug" value="http://bugreport.sun.com/bugreport/" />
    <property name="os.arch" value="amd64" />
    <property name="java.awt.graphicsenv" value="sun.awt.X11GraphicsEnvironment" />
    <property name="java.ext.dirs" value="/usr/lib/jvm/java-8-openjdk-amd64/jre/lib/ext:/usr/java/packages/lib/ext" />
    <property name="user.dir" value="/opt/dridder_local/Documents/ImageExtractor" />
    <property name="ant.file.ImageExtractor" value="/opt/dridder_local/Documents/ImageExtractor/build.xml" />
    <property name="line.separator" value="&#xa;" />
    <property name="java.vm.name" value="OpenJDK 64-Bit Server VM" />
    <property name="basedir" value="/opt/dridder_local/Documents/ImageExtractor" />
    <property name="prj.authors" value="Dominik Ridder" />
    <property name="ant.java.version" value="1.8" />
    <property name="ant.core.lib" value="/usr/share/ant/lib/ant.jar" />
    <property name="file.encoding" value="UTF-8" />
    <property name="java.specification.version" value="1.8" />
    <property name="ant.project.invoked-targets" value="junit" />
    <property name="ant.file.type.ImageExtractor" value="file" />
  </properties>
  <testcase classname="tests.Testcase" name="CheckSort" time="0.285" />
  <testcase classname="tests.Testcase" name="Slide2Textfield" time="1.938" />
  <testcase classname="tests.Testcase" name="lettersInNumericField" time="1.294" />
  <testcase classname="tests.Testcase" name="toHighSliceOrEcho" time="1.009">
    <failure message="Slice textfield become to higher maxslice, by inserting 800." type="junit.framework.AssertionFailedError">junit.framework.AssertionFailedError: Slice textfield become to higher maxslice, by inserting 800.
	at tests.Testcase.toHighSliceOrEcho(Testcase.java:279)
</failure>
  </testcase>
  <testcase classname="tests.Testcase" name="VisibleAttributes" time="0.242" />
  <system-out><![CDATA[Scanning output dir for existing files ...
Creating /opt/dridder_local/Datadir/Testcase/Sorted/B0316
Creating /opt/dridder_local/Datadir/Testcase/Sorted/B0316/19_ep2d_fid
Creating /opt/dridder_local/Datadir/Testcase/Sorted/B0316/16_wm_gre_b0
Creating /opt/dridder_local/Datadir/Testcase/Sorted/B0316/15_wm_gre_rx=bc
Creating /opt/dridder_local/Datadir/Testcase/Sorted/B0316/13_wm_gre_rx=pa
Creating /opt/dridder_local/Datadir/Testcase/Sorted/B0316/21_ep2d_fid
Creating /opt/dridder_local/Datadir/Testcase/Sorted/B0316/17_wm_gre_b0
Creating /opt/dridder_local/Datadir/Testcase/Sorted/B0316/24_ep2d_fid
Creating /opt/dridder_local/Datadir/Testcase/Sorted/B0316/25_ep2d_fid
PatientID not found. Using default for sorting: NO_ID
Protocolname not found. Using default for sorting: NO_PROT_NAME
Imagenumber not found. Using default for sorting: 0
InstanceUID not found. Using default for sorting: 1
PatientID not found. Using default for sorting: NO_ID
Seriesnumber not found. Using default for sorting: 1
Echonumber not found. Using default for sorting: 1
Patient name not found. Using default for sorting: No_Name_Found
Creating /opt/dridder_local/Datadir/Testcase/Sorted/No_Name_Found
Creating /opt/dridder_local/Datadir/Testcase/Sorted/No_Name_Found/1_NO_PROT_NAME
I found and sorted 10 Dicoms in 0,244 seconds! I copied 10 of them to the Output directory.Scanning output dir for existing files ...
Recognized duplicate image!
PatientID not found. Using default for sorting: NO_ID
Protocolname not found. Using default for sorting: NO_PROT_NAME
Imagenumber not found. Using default for sorting: 0
InstanceUID not found. Using default for sorting: 1
PatientID not found. Using default for sorting: NO_ID
Seriesnumber not found. Using default for sorting: 1
Echonumber not found. Using default for sorting: 1
Patient name not found. Using default for sorting: No_Name_Found
I found and sorted 10 Dicoms in 0,033 seconds! I copied 0 of them to the Output directory.Config: /opt/dridder_local.ImageExtractorConfig.cfg
Config: /opt/dridder_local.ImageExtractorConfig.cfg
Config: /opt/dridder_local.ImageExtractorConfig.cfg
Config: /opt/dridder_local.ImageExtractorConfig.cfg
]]></system-out>
  <system-err><![CDATA[]]></system-err>
</testsuite>
